%!
%!PS-Adobe-2.0
%
% Wireshark - Network traffic analyzer
% By Gerald Combs <gerald@wireshark.org>
% Copyright 1998 Gerald Combs
%
%%Creator: Wireshark
%%Title: Wireshark output
%%DocumentFonts: Helvetica Monaco
%%EndComments
%!

%
% Ghostscript http://ghostscript.com/ can convert postscript to pdf files.
%
% To convert this postscript file to pdf, type (for US letter format):
% ps2pdf filename.ps
%
% or (for A4 format):
% ps2pdf -sPAPERSIZE=a4 filename.ps
%
% ... and of course replace filename.ps by your current filename.
%
% The pdfmark's below will help converting to a pdf file, and have no
% effect when printing the postscript directly.
% 

%   This line is necessary if the file should be printable, and not just used
%   for distilling into PDF:
%
/pdfmark where {pop} {userdict /pdfmark /cleartomark load put} ifelse
%
%   This tells PDF viewers to display bookmarks when the document is opened:
%
[/PageMode /UseOutlines /DOCVIEW pdfmark

% Get the Imagable Area of the page
clippath pathbbox

% Set vmax to the vertical size of the page,
% hmax to the horizontal size of the page.
/vmax exch def
/hmax exch def
pop pop		% junk

% 1/2-inch margins
/lmargin 36 def					% left margin
/tmargin vmax 56 sub def		% top margin
/bmargin 36 def					% bottom margin
/pagenumtab hmax 36 sub def		% right margin

% Counters
/thispagenum 1 def

% Strings
/pagenostr 7 string def


/formfeed {
	printpagedecorations
	showpage
	
	% we need a new current point after showpage is done
	lmargin		% X
	vpos 		% Y
	moveto
	/vpos tmargin def
} def

% Prints text with possible indenting
/putline_single {
	exch 10 mul lmargin add		% X
	vpos 						% Y
	moveto
	show

	/vpos vpos 10 sub def

	vpos 5 sub bmargin le 		% is vpos <= bottom margin?
	{
		formfeed
	}
	if							% then formfeed and start at top
} def


% Prints text with possible indenting and line wrap
/putline {
	/text exch def
	/indent exch def
	
	% wrapat = width / sizeof font (remember: monospaced font)
	/pagewidth pagenumtab lmargin sub def
	/cwidth (A) stringwidth pop def
	/wrapat pagewidth cwidth div cvi def
		
	text length wrapat le {
		% print line
		indent text 0 text length getinterval putline_single
	}{
		% print the lines first part
		indent text 0 wrapat getinterval putline_single
		% print wrapped rest
		indent text wrapat text length wrapat sub getinterval putline
	}
	ifelse
} def


% Prints the page number at the top right
/printpagedecorations {
	gsave
		% Set the font to 8 point
		/Helvetica findfont 8 scalefont setfont

		% title
		lmargin						% X
		vmax 36 sub					% Y
		moveto
		ws_pagetitle show

		% this page number
		pagenumtab (Page ) stringwidth pop sub thispagenum pagenostr cvs stringwidth pop sub 		% X
		vmax 36 sub					% Y
		moveto
		(Page ) show
		thispagenum pagenostr cvs show

		% thispagenum++
		/thispagenum thispagenum 1 add def
		
		% line at top of page
		lmargin						% X
		vmax 38 sub					% Y
		moveto
		
		pagenumtab					% X
		vmax 38 sub					% Y
		lineto
		stroke
		
		% line at bottom of page
		lmargin						% X
		bmargin						% Y
		moveto
		
		pagenumtab					% X
		bmargin						% Y
		lineto
		stroke
		
	grestore
} def
	
% Reset the vertical position
/vpos tmargin def

% Set the font to 8 point
/Monaco findfont 8 scalefont setfont

%% the page title
/ws_pagetitle (F:\\classes\\6843-Networks\\assignments\\nw-assignments\\wireshark_assignments\\assignment6\\wireshark-traces\\ip-ethereal-trace-1 - Wireshark 1.12.7 (v1.12.7-0-g7fc8978 from master-1.12)) def

0 (No.     Time                       Source                Destination           Protocol Length Info) putline
[/Dest /__frame368__ /Title (    368 2004-08-22 01:48:50.437073 192.168.1.102         128.59.23.100         ICMP     582    Echo \(ping\) request  id=0x0300, seq=50179/964, ttl=13 \(reply in 380\))   /OUT pdfmark
[/View [/XYZ -4 currentpoint matrix currentmatrix matrix defaultmatrix
matrix invertmatrix matrix concatmatrix transform exch pop 20 add null]
/Dest /__frame368__ /DEST pdfmark
0 (    368 2004-08-22 01:48:50.437073 192.168.1.102         128.59.23.100         ICMP     582    Echo \(ping\) request  id=0x0300, seq=50179/964, ttl=13 \(reply in 380\)) putline
0 () putline
0 (Frame 368: 582 bytes on wire \(4656 bits\), 582 bytes captured \(4656 bits\)) putline
0 (Ethernet II, Src: Actionte_8a:70:1a \(00:20:e0:8a:70:1a\), Dst: LinksysG_da:af:73 \(00:06:25:da:af:73\)) putline
0 (Internet Protocol Version 4, Src: 192.168.1.102 \(192.168.1.102\), Dst: 128.59.23.100 \(128.59.23.100\)) putline
1 (Version: 4) putline
1 (Header Length: 20 bytes) putline
1 (Differentiated Services Field: 0x00 \(DSCP 0x00: Default; ECN: 0x00: Not-ECT \(Not ECN-Capable Transport\)\)) putline
1 (Total Length: 568) putline
1 (Identification: 0x334a \(13130\)) putline
1 (Flags: 0x00) putline
1 (Fragment offset: 2960) putline
1 (Time to live: 13) putline
1 (Protocol: ICMP \(1\)) putline
1 (Header checksum: 0x1d5c [validation disabled]) putline
1 (Source: 192.168.1.102 \(192.168.1.102\)) putline
1 (Destination: 128.59.23.100 \(128.59.23.100\)) putline
1 ([Source GeoIP: Unknown]) putline
1 ([Destination GeoIP: Unknown]) putline
1 ([3 IPv4 Fragments \(3508 bytes\): #366\(1480\), #367\(1480\), #368\(548\)]) putline
0 (Internet Control Message Protocol) putline

printpagedecorations
showpage

%%EOF

